\BOOKMARK [1][-]{section.1}{\376\377\137\025\212\000}{}% 1
\BOOKMARK [1][-]{section.2}{\376\377\166\370\121\163\135\345\117\134}{}% 2
\BOOKMARK [1][-]{section.3}{\376\377\152\041\127\213\176\323\147\204\116\016\145\160\133\146\143\250\133\374}{}% 3
\BOOKMARK [2][-]{subsection.3.1}{\376\377\000S\000c\000a\000l\000e\000d\000\040\000D\000o\000t\000-\000P\000r\000o\000d\000u\000c\000t\000\040\000A\000t\000t\000e\000n\000t\000i\000o\000n}{section.3}% 4
\BOOKMARK [2][-]{subsection.3.2}{\376\377\000M\000u\000l\000t\000i\000-\000H\000e\000a\000d\000\040\000A\000t\000t\000e\000n\000t\000i\000o\000n}{section.3}% 5
\BOOKMARK [2][-]{subsection.3.3}{\376\377\000P\000o\000s\000i\000t\000i\000o\000n\000-\000w\000i\000s\000e\000\040\000F\000F\000N}{section.3}% 6
\BOOKMARK [2][-]{subsection.3.4}{\376\377\153\213\135\356\116\016\000\040\000L\000a\000y\000e\000r\000N\000o\000r\000m\377\010\000P\000r\000e\000-\000N\000o\000r\000m\377\011}{section.3}% 7
\BOOKMARK [2][-]{subsection.3.5}{\376\377\117\115\177\156\177\026\170\001}{section.3}% 8
\BOOKMARK [1][-]{section.4}{\376\377\133\236\163\260\176\306\202\202}{}% 9
\BOOKMARK [1][-]{section.5}{\376\377\133\236\232\214\213\276\177\156}{}% 10
\BOOKMARK [1][-]{section.6}{\376\377\176\323\147\234\116\016\155\210\207\215}{}% 11
\BOOKMARK [2][-]{subsection.6.1}{\376\377\213\255\176\303\146\362\176\277}{section.6}% 12
\BOOKMARK [2][-]{subsection.6.2}{\376\377\150\067\117\213\217\223\121\372}{section.6}% 13
\BOOKMARK [2][-]{subsection.6.3}{\376\377\155\210\207\215\210\150}{section.6}% 14
\BOOKMARK [1][-]{section.7}{\376\377\143\021\142\030\230\171\142\151\134\125\377\032\000D\000e\000c\000o\000d\000e\000r\000\040\000/\000\040\166\370\133\371\117\115\177\156\000\040\000/\000\040\172\000\165\217\154\350\141\017\122\233}{}% 15
\BOOKMARK [2][-]{subsection.7.1}{\376\377\000D\000e\000c\000o\000d\000e\000r\377\010\201\352\126\336\137\122\377\014\126\340\147\234\143\251\170\001\377\011}{section.7}% 16
\BOOKMARK [2][-]{subsection.7.2}{\376\377\166\370\133\371\117\115\177\156\177\026\170\001}{section.7}% 17
\BOOKMARK [2][-]{subsection.7.3}{\376\377\172\000\165\217\154\350\141\017\122\233}{section.7}% 18
\BOOKMARK [1][-]{section.8}{\376\377\213\357\135\356\122\006\147\220\116\016\134\100\226\120}{}% 19
\BOOKMARK [1][-]{section.9}{\376\377\176\323\213\272\116\016\134\125\147\033}{}% 20
\BOOKMARK [1][-]{appendix.A}{\376\377\131\015\163\260\116\016\163\257\130\203}{}% 21
